当前的日期和时间是 2017-12-21 10:41:40.036704
keep_prob:0.5
embedding size:200
随机初始化的词：9654
9999
9999
word_to_id.len:9999
maxLenOfSeq:406      conf.num_steps:406
TrainInput epoch_size：320
ValidInput epoch_size：40
TestInput epoch_size：16369
Epoch: 1 Learning rate: 1.000
epoch_size: 320  step / (model.input.epoch_size // 10): 0.031 perplexity: 10158.197 speed: 4487 wps
epoch_size: 320  step / (model.input.epoch_size // 10): 0.131 perplexity: 9456.635 speed: 7378 wps
epoch_size: 320  step / (model.input.epoch_size // 10): 0.231 perplexity: 9028.380 speed: 8180 wps
epoch_size: 320  step / (model.input.epoch_size // 10): 0.331 perplexity: 8768.413 speed: 8581 wps
epoch_size: 320  step / (model.input.epoch_size // 10): 0.431 perplexity: 8552.178 speed: 8816 wps
epoch_size: 320  step / (model.input.epoch_size // 10): 0.531 perplexity: 8425.498 speed: 8968 wps
epoch_size: 320  step / (model.input.epoch_size // 10): 0.631 perplexity: 8331.874 speed: 9070 wps
epoch_size: 320  step / (model.input.epoch_size // 10): 0.731 perplexity: 8225.270 speed: 9154 wps
epoch_size: 320  step / (model.input.epoch_size // 10): 0.831 perplexity: 8154.319 speed: 9222 wps
epoch_size: 320  step / (model.input.epoch_size // 10): 0.931 perplexity: 8096.065 speed: 9270 wps
Epoch: 1 Train Perplexity: 8064.915 train_acc 24.000:
Epoch: 1 Valid Perplexity: 7187.442 valid_acc 8.000:
Epoch: 2 Learning rate: 1.000
epoch_size: 320  step / (model.input.epoch_size // 10): 0.031 perplexity: 7461.658 speed: 9805 wps
epoch_size: 320  step / (model.input.epoch_size // 10): 0.131 perplexity: 7357.956 speed: 9743 wps
epoch_size: 320  step / (model.input.epoch_size // 10): 0.231 perplexity: 7316.748 speed: 9756 wps
epoch_size: 320  step / (model.input.epoch_size // 10): 0.331 perplexity: 7323.048 speed: 9734 wps
epoch_size: 320  step / (model.input.epoch_size // 10): 0.431 perplexity: 7283.823 speed: 9714 wps
epoch_size: 320  step / (model.input.epoch_size // 10): 0.531 perplexity: 7299.579 speed: 9715 wps
epoch_size: 320  step / (model.input.epoch_size // 10): 0.631 perplexity: 7304.654 speed: 9714 wps
epoch_size: 320  step / (model.input.epoch_size // 10): 0.731 perplexity: 7283.874 speed: 9713 wps
epoch_size: 320  step / (model.input.epoch_size // 10): 0.831 perplexity: 7282.522 speed: 9715 wps
epoch_size: 320  step / (model.input.epoch_size // 10): 0.931 perplexity: 7281.458 speed: 9708 wps
Epoch: 2 Train Perplexity: 7282.392 train_acc 34.000:
Epoch: 2 Valid Perplexity: 7208.427 valid_acc 2.000:
Epoch: 3 Learning rate: 1.000
epoch_size: 320  step / (model.input.epoch_size // 10): 0.031 perplexity: 7092.089 speed: 9740 wps
epoch_size: 320  step / (model.input.epoch_size // 10): 0.131 perplexity: 6966.282 speed: 9710 wps
epoch_size: 320  step / (model.input.epoch_size // 10): 0.231 perplexity: 6909.636 speed: 9716 wps
epoch_size: 320  step / (model.input.epoch_size // 10): 0.331 perplexity: 6904.945 speed: 9695 wps
epoch_size: 320  step / (model.input.epoch_size // 10): 0.431 perplexity: 6864.662 speed: 9706 wps
epoch_size: 320  step / (model.input.epoch_size // 10): 0.531 perplexity: 6880.184 speed: 9704 wps
epoch_size: 320  step / (model.input.epoch_size // 10): 0.631 perplexity: 6893.390 speed: 9708 wps
epoch_size: 320  step / (model.input.epoch_size // 10): 0.731 perplexity: 6887.603 speed: 9702 wps
epoch_size: 320  step / (model.input.epoch_size // 10): 0.831 perplexity: 6899.974 speed: 9688 wps
epoch_size: 320  step / (model.input.epoch_size // 10): 0.931 perplexity: 6912.772 speed: 9687 wps
Epoch: 3 Train Perplexity: 6920.974 train_acc 55.000:
Epoch: 3 Valid Perplexity: 7272.827 valid_acc 7.000:
Epoch: 4 Learning rate: 1.000
epoch_size: 320  step / (model.input.epoch_size // 10): 0.031 perplexity: 6823.519 speed: 9641 wps
epoch_size: 320  step / (model.input.epoch_size // 10): 0.131 perplexity: 6439.166 speed: 9692 wps
epoch_size: 320  step / (model.input.epoch_size // 10): 0.231 perplexity: 6400.962 speed: 9659 wps
epoch_size: 320  step / (model.input.epoch_size // 10): 0.331 perplexity: 6375.362 speed: 9664 wps
epoch_size: 320  step / (model.input.epoch_size // 10): 0.431 perplexity: 6344.071 speed: 9668 wps
epoch_size: 320  step / (model.input.epoch_size // 10): 0.531 perplexity: 6364.059 speed: 9676 wps
epoch_size: 320  step / (model.input.epoch_size // 10): 0.631 perplexity: 6391.307 speed: 9690 wps
epoch_size: 320  step / (model.input.epoch_size // 10): 0.731 perplexity: 6403.508 speed: 9682 wps
epoch_size: 320  step / (model.input.epoch_size // 10): 0.831 perplexity: 6436.361 speed: 9688 wps
epoch_size: 320  step / (model.input.epoch_size // 10): 0.931 perplexity: 6458.874 speed: 9701 wps
Epoch: 4 Train Perplexity: 6472.325 train_acc 49.000:
Epoch: 4 Valid Perplexity: 7566.544 valid_acc 7.000:
Epoch: 5 Learning rate: 0.500
epoch_size: 320  step / (model.input.epoch_size // 10): 0.031 perplexity: 6530.880 speed: 9723 wps
epoch_size: 320  step / (model.input.epoch_size // 10): 0.131 perplexity: 5934.976 speed: 9632 wps
epoch_size: 320  step / (model.input.epoch_size // 10): 0.231 perplexity: 5889.979 speed: 9706 wps
epoch_size: 320  step / (model.input.epoch_size // 10): 0.331 perplexity: 5860.209 speed: 9720 wps
epoch_size: 320  step / (model.input.epoch_size // 10): 0.431 perplexity: 5834.822 speed: 9717 wps
epoch_size: 320  step / (model.input.epoch_size // 10): 0.531 perplexity: 5844.968 speed: 9726 wps
epoch_size: 320  step / (model.input.epoch_size // 10): 0.631 perplexity: 5856.363 speed: 9722 wps
epoch_size: 320  step / (model.input.epoch_size // 10): 0.731 perplexity: 5859.922 speed: 9717 wps
epoch_size: 320  step / (model.input.epoch_size // 10): 0.831 perplexity: 5889.270 speed: 9720 wps
epoch_size: 320  step / (model.input.epoch_size // 10): 0.931 perplexity: 5892.673 speed: 9718 wps
Epoch: 5 Train Perplexity: 5900.088 train_acc 72.000:
Epoch: 5 Valid Perplexity: 7751.647 valid_acc 7.000:
Epoch: 6 Learning rate: 0.250
epoch_size: 320  step / (model.input.epoch_size // 10): 0.031 perplexity: 6198.132 speed: 9648 wps
epoch_size: 320  step / (model.input.epoch_size // 10): 0.131 perplexity: 5800.798 speed: 9713 wps
epoch_size: 320  step / (model.input.epoch_size // 10): 0.231 perplexity: 5741.807 speed: 9695 wps
epoch_size: 320  step / (model.input.epoch_size // 10): 0.331 perplexity: 5710.664 speed: 9709 wps
epoch_size: 320  step / (model.input.epoch_size // 10): 0.431 perplexity: 5676.991 speed: 9729 wps
epoch_size: 320  step / (model.input.epoch_size // 10): 0.531 perplexity: 5671.430 speed: 9688 wps
epoch_size: 320  step / (model.input.epoch_size // 10): 0.631 perplexity: 5689.301 speed: 9684 wps
epoch_size: 320  step / (model.input.epoch_size // 10): 0.731 perplexity: 5692.053 speed: 9699 wps
epoch_size: 320  step / (model.input.epoch_size // 10): 0.831 perplexity: 5710.297 speed: 9697 wps
epoch_size: 320  step / (model.input.epoch_size // 10): 0.931 perplexity: 5714.769 speed: 9694 wps
Epoch: 6 Train Perplexity: 5713.252 train_acc 79.000:
Epoch: 6 Valid Perplexity: 7565.093 valid_acc 7.000:
Epoch: 7 Learning rate: 0.125
epoch_size: 320  step / (model.input.epoch_size // 10): 0.031 perplexity: 6189.356 speed: 9763 wps
epoch_size: 320  step / (model.input.epoch_size // 10): 0.131 perplexity: 5864.855 speed: 9782 wps
epoch_size: 320  step / (model.input.epoch_size // 10): 0.231 perplexity: 5800.479 speed: 9792 wps
epoch_size: 320  step / (model.input.epoch_size // 10): 0.331 perplexity: 5768.349 speed: 9783 wps
epoch_size: 320  step / (model.input.epoch_size // 10): 0.431 perplexity: 5716.333 speed: 9747 wps
epoch_size: 320  step / (model.input.epoch_size // 10): 0.531 perplexity: 5690.571 speed: 9747 wps
epoch_size: 320  step / (model.input.epoch_size // 10): 0.631 perplexity: 5697.506 speed: 9738 wps
epoch_size: 320  step / (model.input.epoch_size // 10): 0.731 perplexity: 5679.515 speed: 9736 wps
epoch_size: 320  step / (model.input.epoch_size // 10): 0.831 perplexity: 5707.172 speed: 9733 wps
epoch_size: 320  step / (model.input.epoch_size // 10): 0.931 perplexity: 5707.896 speed: 9733 wps
Epoch: 7 Train Perplexity: 5699.476 train_acc 105.000:
Epoch: 7 Valid Perplexity: 7357.083 valid_acc 7.000:
Epoch: 8 Learning rate: 0.062
epoch_size: 320  step / (model.input.epoch_size // 10): 0.031 perplexity: 6332.781 speed: 9694 wps
epoch_size: 320  step / (model.input.epoch_size // 10): 0.131 perplexity: 5897.940 speed: 9743 wps
epoch_size: 320  step / (model.input.epoch_size // 10): 0.231 perplexity: 5848.399 speed: 9728 wps
epoch_size: 320  step / (model.input.epoch_size // 10): 0.331 perplexity: 5911.563 speed: 9707 wps
epoch_size: 320  step / (model.input.epoch_size // 10): 0.431 perplexity: 5896.159 speed: 9713 wps
epoch_size: 320  step / (model.input.epoch_size // 10): 0.531 perplexity: 5867.523 speed: 9713 wps
epoch_size: 320  step / (model.input.epoch_size // 10): 0.631 perplexity: 5833.862 speed: 9709 wps
epoch_size: 320  step / (model.input.epoch_size // 10): 0.731 perplexity: 5820.381 speed: 9705 wps
epoch_size: 320  step / (model.input.epoch_size // 10): 0.831 perplexity: 5827.619 speed: 9691 wps
epoch_size: 320  step / (model.input.epoch_size // 10): 0.931 perplexity: 5813.293 speed: 9693 wps
Epoch: 8 Train Perplexity: 5803.503 train_acc 95.000:
Epoch: 8 Valid Perplexity: 7237.147 valid_acc 3.000:
Epoch: 9 Learning rate: 0.031
epoch_size: 320  step / (model.input.epoch_size // 10): 0.031 perplexity: 6391.174 speed: 9742 wps
epoch_size: 320  step / (model.input.epoch_size // 10): 0.131 perplexity: 6277.930 speed: 9731 wps
epoch_size: 320  step / (model.input.epoch_size // 10): 0.231 perplexity: 6135.460 speed: 9689 wps
epoch_size: 320  step / (model.input.epoch_size // 10): 0.331 perplexity: 6177.304 speed: 9707 wps
epoch_size: 320  step / (model.input.epoch_size // 10): 0.431 perplexity: 6062.102 speed: 9707 wps
epoch_size: 320  step / (model.input.epoch_size // 10): 0.531 perplexity: 6051.375 speed: 9725 wps
epoch_size: 320  step / (model.input.epoch_size // 10): 0.631 perplexity: 6097.454 speed: 9730 wps
epoch_size: 320  step / (model.input.epoch_size // 10): 0.731 perplexity: 6058.339 speed: 9687 wps
epoch_size: 320  step / (model.input.epoch_size // 10): 0.831 perplexity: 6053.944 speed: 9702 wps
epoch_size: 320  step / (model.input.epoch_size // 10): 0.931 perplexity: 6048.767 speed: 9711 wps
Epoch: 9 Train Perplexity: 6020.588 train_acc 80.000:
Epoch: 9 Valid Perplexity: 7196.208 valid_acc 2.000:
Epoch: 10 Learning rate: 0.016
epoch_size: 320  step / (model.input.epoch_size // 10): 0.031 perplexity: 6637.988 speed: 9673 wps
epoch_size: 320  step / (model.input.epoch_size // 10): 0.131 perplexity: 6490.352 speed: 9633 wps
epoch_size: 320  step / (model.input.epoch_size // 10): 0.231 perplexity: 6327.720 speed: 9690 wps
epoch_size: 320  step / (model.input.epoch_size // 10): 0.331 perplexity: 6420.944 speed: 9693 wps
epoch_size: 320  step / (model.input.epoch_size // 10): 0.431 perplexity: 6318.107 speed: 9712 wps
epoch_size: 320  step / (model.input.epoch_size // 10): 0.531 perplexity: 6303.794 speed: 9713 wps
epoch_size: 320  step / (model.input.epoch_size // 10): 0.631 perplexity: 6310.531 speed: 9700 wps
epoch_size: 320  step / (model.input.epoch_size // 10): 0.731 perplexity: 6275.486 speed: 9702 wps
epoch_size: 320  step / (model.input.epoch_size // 10): 0.831 perplexity: 6310.726 speed: 9702 wps
epoch_size: 320  step / (model.input.epoch_size // 10): 0.931 perplexity: 6294.586 speed: 9701 wps
Epoch: 10 Train Perplexity: 6267.434 train_acc 73.000:
Epoch: 10 Valid Perplexity: 7154.867 valid_acc 3.000:
Epoch: 11 Learning rate: 0.008
epoch_size: 320  step / (model.input.epoch_size // 10): 0.031 perplexity: 6472.571 speed: 9660 wps
epoch_size: 320  step / (model.input.epoch_size // 10): 0.131 perplexity: 6678.463 speed: 9746 wps
epoch_size: 320  step / (model.input.epoch_size // 10): 0.231 perplexity: 6633.185 speed: 9761 wps
epoch_size: 320  step / (model.input.epoch_size // 10): 0.331 perplexity: 6648.383 speed: 9747 wps
epoch_size: 320  step / (model.input.epoch_size // 10): 0.431 perplexity: 6539.984 speed: 9749 wps
epoch_size: 320  step / (model.input.epoch_size // 10): 0.531 perplexity: 6540.957 speed: 9735 wps
epoch_size: 320  step / (model.input.epoch_size // 10): 0.631 perplexity: 6584.800 speed: 9747 wps
epoch_size: 320  step / (model.input.epoch_size // 10): 0.731 perplexity: 6542.974 speed: 9737 wps
epoch_size: 320  step / (model.input.epoch_size // 10): 0.831 perplexity: 6550.914 speed: 9729 wps
epoch_size: 320  step / (model.input.epoch_size // 10): 0.931 perplexity: 6515.996 speed: 9717 wps
Epoch: 11 Train Perplexity: 6506.289 train_acc 70.000:
Epoch: 11 Valid Perplexity: 7087.728 valid_acc 3.000:
Epoch: 12 Learning rate: 0.004
epoch_size: 320  step / (model.input.epoch_size // 10): 0.031 perplexity: 6764.314 speed: 9652 wps
epoch_size: 320  step / (model.input.epoch_size // 10): 0.131 perplexity: 6840.812 speed: 9700 wps
epoch_size: 320  step / (model.input.epoch_size // 10): 0.231 perplexity: 6768.607 speed: 9704 wps
epoch_size: 320  step / (model.input.epoch_size // 10): 0.331 perplexity: 6755.163 speed: 9698 wps
epoch_size: 320  step / (model.input.epoch_size // 10): 0.431 perplexity: 6688.280 speed: 9697 wps
epoch_size: 320  step / (model.input.epoch_size // 10): 0.531 perplexity: 6699.113 speed: 9712 wps
epoch_size: 320  step / (model.input.epoch_size // 10): 0.631 perplexity: 6682.027 speed: 9717 wps
epoch_size: 320  step / (model.input.epoch_size // 10): 0.731 perplexity: 6677.900 speed: 9721 wps
epoch_size: 320  step / (model.input.epoch_size // 10): 0.831 perplexity: 6671.723 speed: 9711 wps
epoch_size: 320  step / (model.input.epoch_size // 10): 0.931 perplexity: 6689.357 speed: 9707 wps
Epoch: 12 Train Perplexity: 6684.556 train_acc 49.000:
Epoch: 12 Valid Perplexity: 7035.018 valid_acc 3.000:
Epoch: 13 Learning rate: 0.002
epoch_size: 320  step / (model.input.epoch_size // 10): 0.031 perplexity: 6763.213 speed: 9797 wps
epoch_size: 320  step / (model.input.epoch_size // 10): 0.131 perplexity: 6800.430 speed: 9778 wps
epoch_size: 320  step / (model.input.epoch_size // 10): 0.231 perplexity: 6815.335 speed: 9711 wps
epoch_size: 320  step / (model.input.epoch_size // 10): 0.331 perplexity: 6841.182 speed: 9710 wps
epoch_size: 320  step / (model.input.epoch_size // 10): 0.431 perplexity: 6791.417 speed: 9700 wps
epoch_size: 320  step / (model.input.epoch_size // 10): 0.531 perplexity: 6791.401 speed: 9715 wps
epoch_size: 320  step / (model.input.epoch_size // 10): 0.631 perplexity: 6824.710 speed: 9714 wps
epoch_size: 320  step / (model.input.epoch_size // 10): 0.731 perplexity: 6785.794 speed: 9716 wps
epoch_size: 320  step / (model.input.epoch_size // 10): 0.831 perplexity: 6768.914 speed: 9718 wps
epoch_size: 320  step / (model.input.epoch_size // 10): 0.931 perplexity: 6748.723 speed: 9716 wps
Epoch: 13 Train Perplexity: 6750.083 train_acc 44.000:
Epoch: 13 Valid Perplexity: 7000.576 valid_acc 3.000:
Test Perplexity: 6964.039 test_rightCount: 0.000 test_acc 8.000:
Saving model to /home/pubsrv/data/guorui/data/Res/Fold1/0.
Finished!
当前的日期和时间是 2017-12-21 10:47:27.071808
