当前的日期和时间是 2017-12-21 13:07:32.238145
keep_prob:0.5
embedding size:200
随机初始化的词：17217
19999
19999
word_to_id.len:19999
maxLenOfSeq:406      conf.num_steps:406
TrainInput epoch_size：2561
ValidInput epoch_size：322
TestInput epoch_size：129579
Epoch: 1 Learning rate: 1.000
epoch_size: 2561  step / (model.input.epoch_size // 10): 0.004 perplexity: 19991.005 speed: 3992 wps
epoch_size: 2561  step / (model.input.epoch_size // 10): 0.104 perplexity: 17484.186 speed: 7545 wps
epoch_size: 2561  step / (model.input.epoch_size // 10): 0.204 perplexity: 16347.062 speed: 7689 wps
epoch_size: 2561  step / (model.input.epoch_size // 10): 0.304 perplexity: 15813.930 speed: 7743 wps
epoch_size: 2561  step / (model.input.epoch_size // 10): 0.404 perplexity: 15489.862 speed: 7774 wps
epoch_size: 2561  step / (model.input.epoch_size // 10): 0.504 perplexity: 15271.568 speed: 7783 wps
epoch_size: 2561  step / (model.input.epoch_size // 10): 0.604 perplexity: 15111.524 speed: 7792 wps
epoch_size: 2561  step / (model.input.epoch_size // 10): 0.704 perplexity: 14978.125 speed: 7799 wps
epoch_size: 2561  step / (model.input.epoch_size // 10): 0.804 perplexity: 14881.700 speed: 7804 wps
epoch_size: 2561  step / (model.input.epoch_size // 10): 0.904 perplexity: 14795.652 speed: 7811 wps
Epoch: 1 Train Perplexity: 14731.018 train_acc 252.000:
Epoch: 1 Valid Perplexity: 13899.217 valid_acc 10.000:
Epoch: 2 Learning rate: 1.000
epoch_size: 2561  step / (model.input.epoch_size // 10): 0.004 perplexity: 13834.133 speed: 7827 wps
epoch_size: 2561  step / (model.input.epoch_size // 10): 0.104 perplexity: 13907.812 speed: 7842 wps
epoch_size: 2561  step / (model.input.epoch_size // 10): 0.204 perplexity: 13915.276 speed: 7832 wps
epoch_size: 2561  step / (model.input.epoch_size // 10): 0.304 perplexity: 13918.505 speed: 7835 wps
epoch_size: 2561  step / (model.input.epoch_size // 10): 0.404 perplexity: 13921.477 speed: 7835 wps
epoch_size: 2561  step / (model.input.epoch_size // 10): 0.504 perplexity: 13922.547 speed: 7835 wps
epoch_size: 2561  step / (model.input.epoch_size // 10): 0.604 perplexity: 13920.729 speed: 7835 wps
epoch_size: 2561  step / (model.input.epoch_size // 10): 0.704 perplexity: 13910.487 speed: 7834 wps
epoch_size: 2561  step / (model.input.epoch_size // 10): 0.804 perplexity: 13912.096 speed: 7831 wps
epoch_size: 2561  step / (model.input.epoch_size // 10): 0.904 perplexity: 13906.236 speed: 7832 wps
Epoch: 2 Train Perplexity: 13906.034 train_acc 248.000:
Epoch: 2 Valid Perplexity: 13752.455 valid_acc 10.000:
Epoch: 3 Learning rate: 1.000
epoch_size: 2561  step / (model.input.epoch_size // 10): 0.004 perplexity: 13587.950 speed: 7845 wps
epoch_size: 2561  step / (model.input.epoch_size // 10): 0.104 perplexity: 13197.446 speed: 7837 wps
epoch_size: 2561  step / (model.input.epoch_size // 10): 0.204 perplexity: 13264.731 speed: 7837 wps
epoch_size: 2561  step / (model.input.epoch_size // 10): 0.304 perplexity: 13325.039 speed: 7841 wps
epoch_size: 2561  step / (model.input.epoch_size // 10): 0.404 perplexity: 13384.907 speed: 7839 wps
epoch_size: 2561  step / (model.input.epoch_size // 10): 0.504 perplexity: 13426.906 speed: 7838 wps
epoch_size: 2561  step / (model.input.epoch_size // 10): 0.604 perplexity: 13461.394 speed: 7839 wps
epoch_size: 2561  step / (model.input.epoch_size // 10): 0.704 perplexity: 13483.522 speed: 7835 wps
epoch_size: 2561  step / (model.input.epoch_size // 10): 0.804 perplexity: 13511.837 speed: 7835 wps
epoch_size: 2561  step / (model.input.epoch_size // 10): 0.904 perplexity: 13525.640 speed: 7833 wps
Epoch: 3 Train Perplexity: 13547.404 train_acc 408.000:
Epoch: 3 Valid Perplexity: 13708.591 valid_acc 18.000:
Epoch: 4 Learning rate: 1.000
epoch_size: 2561  step / (model.input.epoch_size // 10): 0.004 perplexity: 13518.655 speed: 7836 wps
epoch_size: 2561  step / (model.input.epoch_size // 10): 0.104 perplexity: 12117.253 speed: 7844 wps
epoch_size: 2561  step / (model.input.epoch_size // 10): 0.204 perplexity: 12298.132 speed: 7834 wps
epoch_size: 2561  step / (model.input.epoch_size // 10): 0.304 perplexity: 12458.714 speed: 7833 wps
epoch_size: 2561  step / (model.input.epoch_size // 10): 0.404 perplexity: 12600.348 speed: 7834 wps
epoch_size: 2561  step / (model.input.epoch_size // 10): 0.504 perplexity: 12691.389 speed: 7833 wps
epoch_size: 2561  step / (model.input.epoch_size // 10): 0.604 perplexity: 12755.179 speed: 7830 wps
epoch_size: 2561  step / (model.input.epoch_size // 10): 0.704 perplexity: 12818.695 speed: 7833 wps
epoch_size: 2561  step / (model.input.epoch_size // 10): 0.804 perplexity: 12881.310 speed: 7833 wps
epoch_size: 2561  step / (model.input.epoch_size // 10): 0.904 perplexity: 12913.688 speed: 7834 wps
Epoch: 4 Train Perplexity: 12939.252 train_acc 822.000:
Epoch: 4 Valid Perplexity: 13525.885 valid_acc 84.000:
Epoch: 5 Learning rate: 0.500
epoch_size: 2561  step / (model.input.epoch_size // 10): 0.004 perplexity: 13153.009 speed: 7851 wps
epoch_size: 2561  step / (model.input.epoch_size // 10): 0.104 perplexity: 11209.856 speed: 7840 wps
epoch_size: 2561  step / (model.input.epoch_size // 10): 0.204 perplexity: 11300.447 speed: 7836 wps
epoch_size: 2561  step / (model.input.epoch_size // 10): 0.304 perplexity: 11437.632 speed: 7839 wps
epoch_size: 2561  step / (model.input.epoch_size // 10): 0.404 perplexity: 11564.906 speed: 7818 wps
epoch_size: 2561  step / (model.input.epoch_size // 10): 0.504 perplexity: 11654.219 speed: 7824 wps
epoch_size: 2561  step / (model.input.epoch_size // 10): 0.604 perplexity: 11722.083 speed: 7826 wps
epoch_size: 2561  step / (model.input.epoch_size // 10): 0.704 perplexity: 11790.330 speed: 7829 wps
epoch_size: 2561  step / (model.input.epoch_size // 10): 0.804 perplexity: 11868.399 speed: 7831 wps
epoch_size: 2561  step / (model.input.epoch_size // 10): 0.904 perplexity: 11906.615 speed: 7833 wps
Epoch: 5 Train Perplexity: 11939.043 train_acc 1423.000:
Epoch: 5 Valid Perplexity: 13463.283 valid_acc 236.000:
Epoch: 6 Learning rate: 0.250
epoch_size: 2561  step / (model.input.epoch_size // 10): 0.004 perplexity: 12369.826 speed: 7866 wps
epoch_size: 2561  step / (model.input.epoch_size // 10): 0.104 perplexity: 10985.197 speed: 7835 wps
epoch_size: 2561  step / (model.input.epoch_size // 10): 0.204 perplexity: 11034.402 speed: 7830 wps
epoch_size: 2561  step / (model.input.epoch_size // 10): 0.304 perplexity: 11124.375 speed: 7825 wps
epoch_size: 2561  step / (model.input.epoch_size // 10): 0.404 perplexity: 11200.511 speed: 7825 wps
epoch_size: 2561  step / (model.input.epoch_size // 10): 0.504 perplexity: 11255.611 speed: 7827 wps
epoch_size: 2561  step / (model.input.epoch_size // 10): 0.604 perplexity: 11288.230 speed: 7828 wps
epoch_size: 2561  step / (model.input.epoch_size // 10): 0.704 perplexity: 11339.128 speed: 7827 wps
epoch_size: 2561  step / (model.input.epoch_size // 10): 0.804 perplexity: 11400.396 speed: 7826 wps
epoch_size: 2561  step / (model.input.epoch_size // 10): 0.904 perplexity: 11416.392 speed: 7827 wps
Epoch: 6 Train Perplexity: 11433.976 train_acc 2143.000:
Epoch: 6 Valid Perplexity: 13482.519 valid_acc 297.000:
Epoch: 7 Learning rate: 0.125
epoch_size: 2561  step / (model.input.epoch_size // 10): 0.004 perplexity: 11973.794 speed: 7813 wps
epoch_size: 2561  step / (model.input.epoch_size // 10): 0.104 perplexity: 10918.657 speed: 7811 wps
epoch_size: 2561  step / (model.input.epoch_size // 10): 0.204 perplexity: 10887.081 speed: 7816 wps
epoch_size: 2561  step / (model.input.epoch_size // 10): 0.304 perplexity: 10968.012 speed: 7823 wps
epoch_size: 2561  step / (model.input.epoch_size // 10): 0.404 perplexity: 11039.555 speed: 7826 wps
epoch_size: 2561  step / (model.input.epoch_size // 10): 0.504 perplexity: 11074.062 speed: 7828 wps
epoch_size: 2561  step / (model.input.epoch_size // 10): 0.604 perplexity: 11092.673 speed: 7828 wps
epoch_size: 2561  step / (model.input.epoch_size // 10): 0.704 perplexity: 11122.990 speed: 7827 wps
epoch_size: 2561  step / (model.input.epoch_size // 10): 0.804 perplexity: 11175.192 speed: 7827 wps
epoch_size: 2561  step / (model.input.epoch_size // 10): 0.904 perplexity: 11179.004 speed: 7830 wps
Epoch: 7 Train Perplexity: 11182.271 train_acc 2608.000:
Epoch: 7 Valid Perplexity: 13560.304 valid_acc 333.000:
Epoch: 8 Learning rate: 0.062
epoch_size: 2561  step / (model.input.epoch_size // 10): 0.004 perplexity: 11755.691 speed: 7876 wps
epoch_size: 2561  step / (model.input.epoch_size // 10): 0.104 perplexity: 10887.853 speed: 7837 wps
epoch_size: 2561  step / (model.input.epoch_size // 10): 0.204 perplexity: 10866.812 speed: 7835 wps
epoch_size: 2561  step / (model.input.epoch_size // 10): 0.304 perplexity: 10916.862 speed: 7834 wps
epoch_size: 2561  step / (model.input.epoch_size // 10): 0.404 perplexity: 10974.580 speed: 7833 wps
epoch_size: 2561  step / (model.input.epoch_size // 10): 0.504 perplexity: 11009.939 speed: 7833 wps
epoch_size: 2561  step / (model.input.epoch_size // 10): 0.604 perplexity: 11031.591 speed: 7833 wps
epoch_size: 2561  step / (model.input.epoch_size // 10): 0.704 perplexity: 11051.693 speed: 7832 wps
epoch_size: 2561  step / (model.input.epoch_size // 10): 0.804 perplexity: 11102.295 speed: 7833 wps
epoch_size: 2561  step / (model.input.epoch_size // 10): 0.904 perplexity: 11096.250 speed: 7830 wps
Epoch: 8 Train Perplexity: 11094.416 train_acc 2915.000:
Epoch: 8 Valid Perplexity: 13704.753 valid_acc 334.000:
Epoch: 9 Learning rate: 0.031
epoch_size: 2561  step / (model.input.epoch_size // 10): 0.004 perplexity: 11518.903 speed: 7847 wps
epoch_size: 2561  step / (model.input.epoch_size // 10): 0.104 perplexity: 11191.400 speed: 7841 wps
epoch_size: 2561  step / (model.input.epoch_size // 10): 0.204 perplexity: 11118.547 speed: 7841 wps
epoch_size: 2561  step / (model.input.epoch_size // 10): 0.304 perplexity: 11111.477 speed: 7841 wps
epoch_size: 2561  step / (model.input.epoch_size // 10): 0.404 perplexity: 11127.292 speed: 7841 wps
epoch_size: 2561  step / (model.input.epoch_size // 10): 0.504 perplexity: 11146.021 speed: 7841 wps
epoch_size: 2561  step / (model.input.epoch_size // 10): 0.604 perplexity: 11146.889 speed: 7839 wps
epoch_size: 2561  step / (model.input.epoch_size // 10): 0.704 perplexity: 11151.916 speed: 7838 wps
epoch_size: 2561  step / (model.input.epoch_size // 10): 0.804 perplexity: 11186.098 speed: 7829 wps
epoch_size: 2561  step / (model.input.epoch_size // 10): 0.904 perplexity: 11174.167 speed: 7830 wps
Epoch: 9 Train Perplexity: 11163.835 train_acc 2967.000:
Epoch: 9 Valid Perplexity: 13671.544 valid_acc 340.000:
Epoch: 10 Learning rate: 0.016
epoch_size: 2561  step / (model.input.epoch_size // 10): 0.004 perplexity: 11780.590 speed: 7867 wps
epoch_size: 2561  step / (model.input.epoch_size // 10): 0.104 perplexity: 11573.810 speed: 7834 wps
epoch_size: 2561  step / (model.input.epoch_size // 10): 0.204 perplexity: 11497.891 speed: 7832 wps
epoch_size: 2561  step / (model.input.epoch_size // 10): 0.304 perplexity: 11464.805 speed: 7832 wps
epoch_size: 2561  step / (model.input.epoch_size // 10): 0.404 perplexity: 11442.001 speed: 7833 wps
epoch_size: 2561  step / (model.input.epoch_size // 10): 0.504 perplexity: 11434.007 speed: 7831 wps
epoch_size: 2561  step / (model.input.epoch_size // 10): 0.604 perplexity: 11427.847 speed: 7830 wps
epoch_size: 2561  step / (model.input.epoch_size // 10): 0.704 perplexity: 11415.585 speed: 7829 wps
epoch_size: 2561  step / (model.input.epoch_size // 10): 0.804 perplexity: 11435.912 speed: 7828 wps
epoch_size: 2561  step / (model.input.epoch_size // 10): 0.904 perplexity: 11408.346 speed: 7827 wps
Epoch: 10 Train Perplexity: 11386.558 train_acc 2973.000:
Epoch: 10 Valid Perplexity: 13466.206 valid_acc 357.000:
Epoch: 11 Learning rate: 0.008
epoch_size: 2561  step / (model.input.epoch_size // 10): 0.004 perplexity: 11730.795 speed: 7835 wps
epoch_size: 2561  step / (model.input.epoch_size // 10): 0.104 perplexity: 12131.561 speed: 7816 wps
epoch_size: 2561  step / (model.input.epoch_size // 10): 0.204 perplexity: 12025.416 speed: 7811 wps
epoch_size: 2561  step / (model.input.epoch_size // 10): 0.304 perplexity: 11919.512 speed: 7816 wps
epoch_size: 2561  step / (model.input.epoch_size // 10): 0.404 perplexity: 11840.610 speed: 7817 wps
epoch_size: 2561  step / (model.input.epoch_size // 10): 0.504 perplexity: 11798.624 speed: 7813 wps
epoch_size: 2561  step / (model.input.epoch_size // 10): 0.604 perplexity: 11776.184 speed: 7814 wps
epoch_size: 2561  step / (model.input.epoch_size // 10): 0.704 perplexity: 11735.357 speed: 7816 wps
epoch_size: 2561  step / (model.input.epoch_size // 10): 0.804 perplexity: 11739.597 speed: 7815 wps
epoch_size: 2561  step / (model.input.epoch_size // 10): 0.904 perplexity: 11694.162 speed: 7817 wps
Epoch: 11 Train Perplexity: 11662.480 train_acc 2982.000:
Epoch: 11 Valid Perplexity: 13450.394 valid_acc 365.000:
Epoch: 12 Learning rate: 0.004
epoch_size: 2561  step / (model.input.epoch_size // 10): 0.004 perplexity: 11999.810 speed: 7842 wps
epoch_size: 2561  step / (model.input.epoch_size // 10): 0.104 perplexity: 12837.773 speed: 7816 wps
epoch_size: 2561  step / (model.input.epoch_size // 10): 0.204 perplexity: 12700.147 speed: 7813 wps
epoch_size: 2561  step / (model.input.epoch_size // 10): 0.304 perplexity: 12517.642 speed: 7815 wps
epoch_size: 2561  step / (model.input.epoch_size // 10): 0.404 perplexity: 12372.773 speed: 7807 wps
epoch_size: 2561  step / (model.input.epoch_size // 10): 0.504 perplexity: 12296.736 speed: 7810 wps
epoch_size: 2561  step / (model.input.epoch_size // 10): 0.604 perplexity: 12229.822 speed: 7811 wps
epoch_size: 2561  step / (model.input.epoch_size // 10): 0.704 perplexity: 12157.404 speed: 7812 wps
epoch_size: 2561  step / (model.input.epoch_size // 10): 0.804 perplexity: 12128.996 speed: 7813 wps
epoch_size: 2561  step / (model.input.epoch_size // 10): 0.904 perplexity: 12061.764 speed: 7815 wps
Epoch: 12 Train Perplexity: 12006.704 train_acc 2975.000:
Epoch: 12 Valid Perplexity: 13351.578 valid_acc 360.000:
Epoch: 13 Learning rate: 0.002
epoch_size: 2561  step / (model.input.epoch_size // 10): 0.004 perplexity: 11867.931 speed: 7844 wps
epoch_size: 2561  step / (model.input.epoch_size // 10): 0.104 perplexity: 13141.166 speed: 7832 wps
epoch_size: 2561  step / (model.input.epoch_size // 10): 0.204 perplexity: 13048.006 speed: 7827 wps
epoch_size: 2561  step / (model.input.epoch_size // 10): 0.304 perplexity: 12967.963 speed: 7826 wps
epoch_size: 2561  step / (model.input.epoch_size // 10): 0.404 perplexity: 12862.751 speed: 7824 wps
epoch_size: 2561  step / (model.input.epoch_size // 10): 0.504 perplexity: 12737.526 speed: 7819 wps
epoch_size: 2561  step / (model.input.epoch_size // 10): 0.604 perplexity: 12660.732 speed: 7819 wps
epoch_size: 2561  step / (model.input.epoch_size // 10): 0.704 perplexity: 12550.102 speed: 7819 wps
epoch_size: 2561  step / (model.input.epoch_size // 10): 0.804 perplexity: 12477.657 speed: 7821 wps
epoch_size: 2561  step / (model.input.epoch_size // 10): 0.904 perplexity: 12394.508 speed: 7820 wps
Epoch: 13 Train Perplexity: 12318.347 train_acc 2963.000:
Epoch: 13 Valid Perplexity: 13216.372 valid_acc 372.000:
Test Perplexity: 13223.845 test_rightCount: 0.000 test_acc 414.000:
Saving model to /home/pubsrv/data/guorui/data/Res/Fold1/random_200d.
Finished!
当前的日期和时间是 2017-12-21 13:51:24.353244
