当前的日期和时间是 2017-12-13 16:11:50.824224
keep_prob:0.1
word_to_id.len:9277
maxLenOfSeq:220      conf.num_steps:220
Epoch: 1 Learning rate: 1.000
epoch_size: 120  step / (model.input.epoch_size // 10): 0.083 perplexity: 14566.362 speed: 525 wps
epoch_size: 120  step / (model.input.epoch_size // 10): 0.183 perplexity: 9242.835 speed: 599 wps
epoch_size: 120  step / (model.input.epoch_size // 10): 0.283 perplexity: 6970.343 speed: 629 wps
epoch_size: 120  step / (model.input.epoch_size // 10): 0.383 perplexity: 5834.140 speed: 647 wps
epoch_size: 120  step / (model.input.epoch_size // 10): 0.483 perplexity: 5118.654 speed: 659 wps
epoch_size: 120  step / (model.input.epoch_size // 10): 0.583 perplexity: 4684.280 speed: 666 wps
epoch_size: 120  step / (model.input.epoch_size // 10): 0.683 perplexity: 4326.894 speed: 669 wps
epoch_size: 120  step / (model.input.epoch_size // 10): 0.783 perplexity: 3997.643 speed: 669 wps
epoch_size: 120  step / (model.input.epoch_size // 10): 0.883 perplexity: 3787.482 speed: 671 wps
epoch_size: 120  step / (model.input.epoch_size // 10): 0.983 perplexity: 3617.775 speed: 673 wps
Epoch: 1 Train Perplexity: 3601.977 train_acc 1184.000:
Epoch: 1 Valid Perplexity: 1113.859 valid_acc 267.000:
Test Perplexity: 1176.581 test_rightCount: 0.000 test_acc 228.000:
Saving model to E:\Data\EmojiPrediction\Res\Fold_head\/0.
Finished!
当前的日期和时间是 2017-12-13 16:13:59.846485
